[2022-06-20T11:34:02.614] [WARN] warning - warn
[2022-06-20T11:34:02.614] [ERROR] warning - error
[2022-06-20T11:34:20.834] [WARN] default - warn
[2022-06-20T11:34:20.834] [ERROR] default - error
[2022-06-20T11:38:17.204] [WARN] default - warn
[2022-06-20T11:38:17.204] [ERROR] default - error
[2022-06-20T11:39:59.318] [WARN] default - warn
[2022-06-20T11:39:59.318] [ERROR] default - error
[2022-06-20T11:40:17.017] [WARN] default - warn
[2022-06-20T11:40:17.017] [ERROR] default - error
[2022-06-20T11:43:41.265] [WARN] default - warn
[2022-06-20T11:43:41.265] [ERROR] default - error
[2022-06-20T11:45:31.703] [WARN] default - warn
[2022-06-20T11:45:31.703] [ERROR] default - error
[2022-06-20T11:45:36.319] [WARN] default - 404: /ss method: GET
[2022-06-20T11:46:15.142] [WARN] default - warn
[2022-06-20T11:46:15.142] [ERROR] default - error
[2022-06-20T11:50:35.228] [WARN] default - warn
[2022-06-20T11:50:35.228] [ERROR] default - error
[2022-06-20T11:50:43.072] [WARN] default - warn
[2022-06-20T11:50:43.072] [ERROR] default - error
[2022-06-20T11:51:10.852] [WARN] default - warn
[2022-06-20T11:51:10.852] [ERROR] default - error
[2022-06-20T11:51:21.597] [WARN] default - 404: /sasasa method: GET
[2022-06-20T11:52:58.030] [WARN] default - warn
[2022-06-20T11:52:58.030] [ERROR] default - error
[2022-06-20T12:00:10.619] [WARN] default - warn
[2022-06-20T12:00:10.619] [ERROR] default - error
[2022-06-20T12:00:19.414] [WARN] default - warn
[2022-06-20T12:00:19.415] [ERROR] default - error
[2022-06-20T12:00:37.370] [WARN] default - warn
[2022-06-20T12:00:37.370] [ERROR] default - error
[2022-06-20T12:01:41.620] [WARN] default - warn
[2022-06-20T12:01:41.621] [ERROR] default - error
[2022-06-20T12:03:14.475] [WARN] default - warn
[2022-06-20T12:03:14.476] [ERROR] default - error
[2022-06-20T12:03:32.764] [WARN] default - warn
[2022-06-20T12:03:32.765] [ERROR] default - error
[2022-06-20T12:10:43.918] [WARN] default - warn
[2022-06-20T12:10:43.919] [ERROR] default - error
[2022-06-20T12:15:33.522] [WARN] default - warn
[2022-06-20T12:15:33.523] [ERROR] default - error
[2022-06-20T12:17:02.210] [WARN] default - warn
[2022-06-20T12:17:02.211] [ERROR] default - error
[2022-06-20T12:17:43.829] [WARN] default - warn
[2022-06-20T12:17:43.829] [ERROR] default - error
[2022-06-20T12:18:55.376] [WARN] default - warn
[2022-06-20T12:18:55.377] [ERROR] default - error
[2022-06-20T12:22:53.863] [WARN] default - warn
[2022-06-20T12:22:53.864] [ERROR] default - error
[2022-06-20T12:24:07.597] [WARN] default - warn
[2022-06-20T12:24:07.598] [ERROR] default - error
[2022-06-20T12:29:14.876] [WARN] default - warn
[2022-06-20T12:29:14.876] [ERROR] default - error
[2022-06-20T12:31:20.576] [WARN] default - warn
[2022-06-20T12:31:20.576] [ERROR] default - error
[2022-06-20T12:39:47.813] [WARN] default - warn
[2022-06-20T12:39:47.814] [ERROR] default - error
[2022-06-20T12:42:20.775] [WARN] default - warn
[2022-06-20T12:42:20.776] [ERROR] default - error
[2022-06-20T12:42:31.836] [WARN] default - warn
[2022-06-20T12:42:31.837] [ERROR] default - error
